# Logfile created on Thu Mar 26 11:18:16 -0400 2009

Processing RecSitesController#keywords (for 127.0.0.1 at 2009-03-26 11:18:26) [GET]
  Session ID: BAh7BiIKZmxhc2hJQzonQWN0aW9uQ29udHJvbGxlcjo6Rmxhc2g6OkZsYXNo
SGFzaHsABjoKQHVzZWR7AA==--f906297a167d37fb889c0f578a253670d3966e0e
  Parameters: {"action"=>"keywords", "id"=>"bankruptcy", "controller"=>"rec_sites"}
  [4;36;1mSQL (0.000392)[0m   [0;1mSET NAMES 'utf8'[0m
  [4;35;1mSQL (0.000894)[0m   [0mSET SQL_AUTO_IS_NULL=0[0m
  [4;36;1mRecommendedSiteCategory Load (0.001152)[0m   [0;1mselect k.id,k.orders,kk.keywords, k.master_term, k.title, k.description, r.name category, k.url from keyword_recommended_sites k, recommended_site_categories r, keyword_recommended_site_keywords kk where k.id in (select keyword_recommended_site_id from keyword_recommended_site_keywords where keywords='bankruptcy') and k.category_id=r.id and kk.keyword_recommended_site_id=k.id and kk.keywords='bankruptcy' order by k.orders[0m
  [4;35;1mRecommendedSiteCategory Columns (0.002067)[0m   [0mSHOW FIELDS FROM `recommended_site_categories`[0m
Completed in 0.11790 (8 reqs/sec) | Rendering: 0.00330 (2%) | DB: 0.00451 (3%) | 200 OK [http://localhost/rec_sites/keywords/bankruptcy]


Processing RecSitesController#keywords (for 127.0.0.1 at 2009-03-26 11:18:31) [GET]
  Session ID: BAh7BiIKZmxhc2hJQzonQWN0aW9uQ29udHJvbGxlcjo6Rmxhc2g6OkZsYXNo
SGFzaHsABjoKQHVzZWR7AA==--f906297a167d37fb889c0f578a253670d3966e0e
  Parameters: {"action"=>"keywords", "id"=>"ebay", "controller"=>"rec_sites"}
  [4;36;1mRecommendedSiteCategory Load (0.005665)[0m   [0;1mselect k.id,k.orders,kk.keywords, k.master_term, k.title, k.description, r.name category, k.url from keyword_recommended_sites k, recommended_site_categories r, keyword_recommended_site_keywords kk where k.id in (select keyword_recommended_site_id from keyword_recommended_site_keywords where keywords='ebay') and k.category_id=r.id and kk.keyword_recommended_site_id=k.id and kk.keywords='ebay' order by k.orders[0m
  [4;35;1mRecommendedSiteCategory Columns (0.002027)[0m   [0mSHOW FIELDS FROM `recommended_site_categories`[0m
Completed in 0.15847 (6 reqs/sec) | Rendering: 0.00936 (5%) | DB: 0.00769 (4%) | 200 OK [http://localhost/rec_sites/keywords/ebay]


Processing RecSitesController#keywords (for 127.0.0.1 at 2009-03-26 15:40:25) [GET]
  Session ID: 75d6486424a81a8440441ffb96eba09c
  Parameters: {"action"=>"keywords", "id"=>"bankruptcy", "controller"=>"rec_sites"}
  [4;36;1mSQL (0.001089)[0m   [0;1mSET NAMES 'utf8'[0m
  [4;35;1mSQL (0.000902)[0m   [0mSET SQL_AUTO_IS_NULL=0[0m
  [4;36;1mRecommendedSiteCategory Load (0.007479)[0m   [0;1mselect k.id,k.orders,kk.keywords, k.master_term, k.title, k.description, r.name category, k.url from keyword_recommended_sites k, recommended_site_categories r, keyword_recommended_site_keywords kk where k.id in (select keyword_recommended_site_id from keyword_recommended_site_keywords where keywords='bankruptcy') and k.category_id=r.id and kk.keyword_recommended_site_id=k.id and kk.keywords='bankruptcy' order by k.orders[0m
  [4;35;1mRecommendedSiteCategory Columns (0.015335)[0m   [0mSHOW FIELDS FROM `recommended_site_categories`[0m
Completed in 0.21287 (4 reqs/sec) | Rendering: 0.01812 (8%) | DB: 0.02480 (11%) | 200 OK [http://localhost/rec_sites/keywords/bankruptcy]


Processing RecSitesController#keywords (for 127.0.0.1 at 2009-03-26 15:40:39) [GET]
  Session ID: BAh7BiIKZmxhc2hJQzonQWN0aW9uQ29udHJvbGxlcjo6Rmxhc2g6OkZsYXNo
SGFzaHsABjoKQHVzZWR7AA==--f906297a167d37fb889c0f578a253670d3966e0e
  Parameters: {"action"=>"keywords", "id"=>"bankruptcy", "controller"=>"rec_sites"}
  [4;36;1mRecommendedSiteCategory Load (0.002091)[0m   [0;1mselect k.id,k.orders,kk.keywords, k.master_term, k.title, k.description, r.name category, k.url from keyword_recommended_sites k, recommended_site_categories r, keyword_recommended_site_keywords kk where k.id in (select keyword_recommended_site_id from keyword_recommended_site_keywords where keywords='bankruptcy') and k.category_id=r.id and kk.keyword_recommended_site_id=k.id and kk.keywords='bankruptcy' order by k.orders[0m
  [4;35;1mRecommendedSiteCategory Columns (0.004108)[0m   [0mSHOW FIELDS FROM `recommended_site_categories`[0m
Completed in 0.16400 (6 reqs/sec) | Rendering: 0.00709 (4%) | DB: 0.00620 (3%) | 200 OK [http://localhost/rec_sites/keywords/?id=bankruptcy]


Processing RecSitesController#keywords (for 127.0.0.1 at 2009-03-26 15:40:44) [GET]
  Session ID: BAh7BiIKZmxhc2hJQzonQWN0aW9uQ29udHJvbGxlcjo6Rmxhc2g6OkZsYXNo
SGFzaHsABjoKQHVzZWR7AA==--f906297a167d37fb889c0f578a253670d3966e0e
  Parameters: {"action"=>"keywords", "id"=>"ebay", "controller"=>"rec_sites"}
  [4;36;1mRecommendedSiteCategory Load (0.557584)[0m   [0;1mselect k.id,k.orders,kk.keywords, k.master_term, k.title, k.description, r.name category, k.url from keyword_recommended_sites k, recommended_site_categories r, keyword_recommended_site_keywords kk where k.id in (select keyword_recommended_site_id from keyword_recommended_site_keywords where keywords='ebay') and k.category_id=r.id and kk.keyword_recommended_site_id=k.id and kk.keywords='ebay' order by k.orders[0m
  [4;35;1mRecommendedSiteCategory Columns (0.013167)[0m   [0mSHOW FIELDS FROM `recommended_site_categories`[0m
Completed in 3.28305 (0 reqs/sec) | Rendering: 0.01043 (0%) | DB: 0.57075 (17%) | 200 OK [http://localhost/rec_sites/keywords/?id=ebay]


Processing RecSitesController#keywords (for 127.0.0.1 at 2009-03-26 15:40:56) [GET]
  Session ID: BAh7BiIKZmxhc2hJQzonQWN0aW9uQ29udHJvbGxlcjo6Rmxhc2g6OkZsYXNo
SGFzaHsABjoKQHVzZWR7AA==--f906297a167d37fb889c0f578a253670d3966e0e
  Parameters: {"action"=>"keywords", "id"=>"sumaaa", "controller"=>"rec_sites"}
  [4;36;1mRecommendedSiteCategory Load (0.003767)[0m   [0;1mselect k.id,k.orders,kk.keywords, k.master_term, k.title, k.description, r.name category, k.url from keyword_recommended_sites k, recommended_site_categories r, keyword_recommended_site_keywords kk where k.id in (select keyword_recommended_site_id from keyword_recommended_site_keywords where keywords='sumaaa') and k.category_id=r.id and kk.keyword_recommended_site_id=k.id and kk.keywords='sumaaa' order by k.orders[0m
Completed in 0.21894 (4 reqs/sec) | Rendering: 0.01751 (7%) | DB: 0.00377 (1%) | 200 OK [http://localhost/rec_sites/keywords/?id=sumaaa]
